Determining if the pthread_create exist failed with the following output:
Change Dir: /home/egor/tsab/cmake-build-debug/CMakeFiles/CMakeTmp

Run Build Command:"/usr/bin/make" "cmTC_24672/fast"
/usr/bin/make -f CMakeFiles/cmTC_24672.dir/build.make CMakeFiles/cmTC_24672.dir/build
make[1]: Entering directory '/home/egor/tsab/cmake-build-debug/CMakeFiles/CMakeTmp'
Building C object CMakeFiles/cmTC_24672.dir/CheckSymbolExists.c.o
/usr/bin/cc    -o CMakeFiles/cmTC_24672.dir/CheckSymbolExists.c.o   -c /home/egor/tsab/cmake-build-debug/CMakeFiles/CMakeTmp/CheckSymbolExists.c
Linking C executable cmTC_24672
/home/egor/code/apps/clion-2018.2.2/bin/cmake/linux/bin/cmake -E cmake_link_script CMakeFiles/cmTC_24672.dir/link.txt --verbose=1
/usr/bin/cc      -rdynamic CMakeFiles/cmTC_24672.dir/CheckSymbolExists.c.o  -o cmTC_24672 
CMakeFiles/cmTC_24672.dir/CheckSymbolExists.c.o: In function `main':
CheckSymbolExists.c:(.text+0x16): undefined reference to `pthread_create'
collect2: error: ld returned 1 exit status
CMakeFiles/cmTC_24672.dir/build.make:86: recipe for target 'cmTC_24672' failed
make[1]: *** [cmTC_24672] Error 1
make[1]: Leaving directory '/home/egor/tsab/cmake-build-debug/CMakeFiles/CMakeTmp'
Makefile:121: recipe for target 'cmTC_24672/fast' failed
make: *** [cmTC_24672/fast] Error 2

File /home/egor/tsab/cmake-build-debug/CMakeFiles/CMakeTmp/CheckSymbolExists.c:
/* */
#include <pthread.h>

int main(int argc, char** argv)
{
  (void)argv;
#ifndef pthread_create
  return ((int*)(&pthread_create))[argc];
#else
  (void)argc;
  return 0;
#endif
}

Determining if the function pthread_create exists in the pthreads failed with the following output:
Change Dir: /home/egor/tsab/cmake-build-debug/CMakeFiles/CMakeTmp

Run Build Command:"/usr/bin/make" "cmTC_cbc4b/fast"
/usr/bin/make -f CMakeFiles/cmTC_cbc4b.dir/build.make CMakeFiles/cmTC_cbc4b.dir/build
make[1]: Entering directory '/home/egor/tsab/cmake-build-debug/CMakeFiles/CMakeTmp'
Building C object CMakeFiles/cmTC_cbc4b.dir/CheckFunctionExists.c.o
/usr/bin/cc   -DCHECK_FUNCTION_EXISTS=pthread_create   -o CMakeFiles/cmTC_cbc4b.dir/CheckFunctionExists.c.o   -c /home/egor/code/apps/clion-2018.2.2/bin/cmake/linux/share/cmake-3.12/Modules/CheckFunctionExists.c
Linking C executable cmTC_cbc4b
/home/egor/code/apps/clion-2018.2.2/bin/cmake/linux/bin/cmake -E cmake_link_script CMakeFiles/cmTC_cbc4b.dir/link.txt --verbose=1
/usr/bin/cc  -DCHECK_FUNCTION_EXISTS=pthread_create    -rdynamic CMakeFiles/cmTC_cbc4b.dir/CheckFunctionExists.c.o  -o cmTC_cbc4b -lpthreads 
/usr/bin/ld: cannot find -lpthreads
collect2: error: ld returned 1 exit status
CMakeFiles/cmTC_cbc4b.dir/build.make:86: recipe for target 'cmTC_cbc4b' failed
make[1]: *** [cmTC_cbc4b] Error 1
make[1]: Leaving directory '/home/egor/tsab/cmake-build-debug/CMakeFiles/CMakeTmp'
Makefile:121: recipe for target 'cmTC_cbc4b/fast' failed
make: *** [cmTC_cbc4b/fast] Error 2


